<?xml version="1.0" encoding="UTF-8"?>
<!-- Generated by org.testng.reporters.JUnitReportReporter -->
<testsuite hostname="HIPUNL131695" name="org.com.restapitest.weatherapi.DELETERequest" tests="1" failures="0" timestamp="3 Aug 2019 06:24:35 GMT" time="2.106" errors="0">
  <testcase name="deleteEmpRecord" time="2.106" classname="org.com.restapitest.weatherapi.DELETERequest"/>
</testsuite> <!-- org.com.restapitest.weatherapi.DELETERequest -->
