<?xml version="1.0" encoding="UTF-8"?>
<!-- Generated by org.testng.reporters.JUnitReportReporter -->
<testsuite hostname="HIPUNL131695" name="org.com.restapitest.weatherapi.POSTRequest" tests="1" failures="0" timestamp="3 Aug 2019 05:18:03 GMT" time="2.092" errors="0">
  <testcase name="testPostRequest" time="2.092" classname="org.com.restapitest.weatherapi.POSTRequest"/>
</testsuite> <!-- org.com.restapitest.weatherapi.POSTRequest -->
