<?xml version="1.0" encoding="UTF-8"?>
<!-- Generated by org.testng.reporters.JUnitReportReporter -->
<testsuite hostname="HIPUNL131695" name="org.com.restapitest.weatherapi.PUTRequest" tests="1" failures="0" timestamp="3 Aug 2019 06:08:37 GMT" time="1.952" errors="0">
  <testcase name="testPutRequest" time="1.952" classname="org.com.restapitest.weatherapi.PUTRequest"/>
</testsuite> <!-- org.com.restapitest.weatherapi.PUTRequest -->
