<?xml version="1.0" encoding="UTF-8"?>
<!-- Generated by org.testng.reporters.JUnitReportReporter -->
<testsuite hostname="HIPUNL131695" name="org.com.restapitest.weatherapi.DemoGetRequest" tests="1" failures="0" timestamp="3 Aug 2019 04:39:54 GMT" time="2.541" errors="0">
  <testcase name="getWeatherDetails" time="2.541" classname="org.com.restapitest.weatherapi.DemoGetRequest"/>
</testsuite> <!-- org.com.restapitest.weatherapi.DemoGetRequest -->
